
*** Running vivado
    with args -log hexcalc.vds -m64 -product Vivado -mode batch -messageDb vivado.pb -notrace -source hexcalc.tcl


ECHO is off.
ECHO is off.

****** Vivado v2023.1 (64-bit)
  **** SW Build 3865809 on Sun May  7 15:05:29 MDT 2023
  **** IP Build 3864474 on Sun May  7 20:36:21 MDT 2023
  **** SharedData Build 3865790 on Sun May 07 13:33:03 MDT 2023
    ** Copyright 1986-2022 Xilinx, Inc. All Rights Reserved.
    ** Copyright 2022-2023 Advanced Micro Devices, Inc. All Rights Reserved.

source hexcalc.tcl -notrace
create_project: Time (s): cpu = 00:00:20 ; elapsed = 00:00:21 . Memory (MB): peak = 462.477 ; gain = 165.016
Command: read_checkpoint -auto_incremental -incremental Z:/Documents/Projects/Fall2023/CPE487/Lab4/Lab4.srcs/utils_1/imports/synth_1/hexcalc.dcp
INFO: [Vivado 12-5825] Read reference checkpoint from Z:/Documents/Projects/Fall2023/CPE487/Lab4/Lab4.srcs/utils_1/imports/synth_1/hexcalc.dcp for incremental synthesis
INFO: [Vivado 12-7989] Please ensure there are no constraint changes
Command: synth_design -top hexcalc -part xc7a100tcsg324-1
Starting synth_design
Attempting to get a license for feature 'Synthesis' and/or device 'xc7a100t'
INFO: [Common 17-349] Got license for feature 'Synthesis' and/or device 'xc7a100t'
INFO: [Device 21-403] Loading part xc7a100tcsg324-1
INFO: [Designutils 20-5440] No compile time benefit to using incremental synthesis; A full resynthesis will be run
INFO: [Designutils 20-4379] Flow is switching to default flow due to incremental criteria not met. If you would like to alter this behaviour and have the flow terminate instead, please set the following parameter config_implementation {autoIncr.Synth.RejectBehavior Terminate}
INFO: [Synth 8-7079] Multithreading enabled for synth_design using a maximum of 2 processes.
INFO: [Synth 8-7078] Launching helper process for spawning children vivado processes
INFO: [Synth 8-7075] Helper process launched with PID 1496
---------------------------------------------------------------------------------
Starting RTL Elaboration : Time (s): cpu = 00:00:18 ; elapsed = 00:00:20 . Memory (MB): peak = 1301.113 ; gain = 412.555
---------------------------------------------------------------------------------
INFO: [Synth 8-638] synthesizing module 'hexcalc' [Z:/Documents/Projects/Fall2023/CPE487/Lab4/Lab4.srcs/sources_1/new/hexcalc.vhd:17]
INFO: [Synth 8-3491] module 'keypad' declared at 'Z:/Documents/Projects/Fall2023/CPE487/Lab4/Lab4.srcs/sources_1/new/keypad.vhd:4' bound to instance 'kp1' of component 'keypad' [Z:/Documents/Projects/Fall2023/CPE487/Lab4/Lab4.srcs/sources_1/new/hexcalc.vhd:55]
INFO: [Synth 8-638] synthesizing module 'keypad' [Z:/Documents/Projects/Fall2023/CPE487/Lab4/Lab4.srcs/sources_1/new/keypad.vhd:13]
INFO: [Synth 8-256] done synthesizing module 'keypad' (0#1) [Z:/Documents/Projects/Fall2023/CPE487/Lab4/Lab4.srcs/sources_1/new/keypad.vhd:13]
INFO: [Synth 8-3491] module 'leddec16' declared at 'Z:/Documents/Projects/Fall2023/CPE487/Lab4/Lab4.srcs/sources_1/new/leddec16.vhd:4' bound to instance 'led1' of component 'leddec16' [Z:/Documents/Projects/Fall2023/CPE487/Lab4/Lab4.srcs/sources_1/new/hexcalc.vhd:60]
INFO: [Synth 8-638] synthesizing module 'leddec16' [Z:/Documents/Projects/Fall2023/CPE487/Lab4/Lab4.srcs/sources_1/new/leddec16.vhd:12]
INFO: [Synth 8-256] done synthesizing module 'leddec16' (0#1) [Z:/Documents/Projects/Fall2023/CPE487/Lab4/Lab4.srcs/sources_1/new/leddec16.vhd:12]
INFO: [Synth 8-256] done synthesizing module 'hexcalc' (0#1) [Z:/Documents/Projects/Fall2023/CPE487/Lab4/Lab4.srcs/sources_1/new/hexcalc.vhd:17]
---------------------------------------------------------------------------------
Finished RTL Elaboration : Time (s): cpu = 00:00:23 ; elapsed = 00:00:25 . Memory (MB): peak = 1393.809 ; gain = 505.250
---------------------------------------------------------------------------------
---------------------------------------------------------------------------------
Start Handling Custom Attributes
---------------------------------------------------------------------------------
---------------------------------------------------------------------------------
Finished Handling Custom Attributes : Time (s): cpu = 00:00:23 ; elapsed = 00:00:26 . Memory (MB): peak = 1393.809 ; gain = 505.250
---------------------------------------------------------------------------------
---------------------------------------------------------------------------------
Finished RTL Optimization Phase 1 : Time (s): cpu = 00:00:23 ; elapsed = 00:00:26 . Memory (MB): peak = 1393.809 ; gain = 505.250
---------------------------------------------------------------------------------
Netlist sorting complete. Time (s): cpu = 00:00:00 ; elapsed = 00:00:00.012 . Memory (MB): peak = 1393.809 ; gain = 0.000
INFO: [Project 1-570] Preparing netlist for logic optimization

Processing XDC Constraints
Initializing timing engine
Parsing XDC File [Z:/Documents/Projects/Fall2023/CPE487/Lab4/Lab4.srcs/constrs_1/new/hexcalc.xdc]
Finished Parsing XDC File [Z:/Documents/Projects/Fall2023/CPE487/Lab4/Lab4.srcs/constrs_1/new/hexcalc.xdc]
INFO: [Project 1-236] Implementation specific constraints were found while reading constraint file [Z:/Documents/Projects/Fall2023/CPE487/Lab4/Lab4.srcs/constrs_1/new/hexcalc.xdc]. These constraints will be ignored for synthesis but will be used in implementation. Impacted constraints are listed in the file [.Xil/hexcalc_propImpl.xdc].
Resolution: To avoid this warning, move constraints listed in [.Xil/hexcalc_propImpl.xdc] to another XDC file and exclude this new file from synthesis with the used_in_synthesis property (File Properties dialog in GUI) and re-run elaboration/synthesis.
Completed Processing XDC Constraints

Netlist sorting complete. Time (s): cpu = 00:00:00 ; elapsed = 00:00:00 . Memory (MB): peak = 1498.871 ; gain = 0.000
INFO: [Project 1-111] Unisim Transformation Summary:
No Unisim elements were transformed.

Constraint Validation Runtime : Time (s): cpu = 00:00:00 ; elapsed = 00:00:00.012 . Memory (MB): peak = 1498.871 ; gain = 0.000
