Copyright 1986-2022 Xilinx, Inc. All Rights Reserved. Copyright 2022-2023 Advanced Micro Devices, Inc. All Rights Reserved.
---------------------------------------------------------------------------------------------------------------------------------------------
| Tool Version : Vivado v.2023.2 (win64) Build 4029153 Fri Oct 13 20:14:34 MDT 2023
| Date         : Tue Dec  5 11:51:06 2023
| Host         : DESKTOP-6DEOV28 running 64-bit major release  (build 9200)
| Command      : report_control_sets -verbose -file pong_control_sets_placed.rpt
| Design       : pong
| Device       : xc7a100t
---------------------------------------------------------------------------------------------------------------------------------------------

Control Set Information

Table of Contents
-----------------
1. Summary
2. Histogram
3. Flip-Flop Distribution
4. Detailed Control Set Information

1. Summary
----------

+----------------------------------------------------------+-------+
|                          Status                          | Count |
+----------------------------------------------------------+-------+
| Total control sets                                       |    12 |
|    Minimum number of control sets                        |    12 |
|    Addition due to synthesis replication                 |     0 |
|    Addition due to physical synthesis replication        |     0 |
| Unused register locations in slices containing registers |    64 |
+----------------------------------------------------------+-------+
* Control sets can be merged at opt_design using control_set_merge or merge_equivalent_drivers
** Run report_qor_suggestions for automated merging and remapping suggestions


2. Histogram
------------

+--------------------+-------+
|       Fanout       | Count |
+--------------------+-------+
| Total control sets |    12 |
| >= 0 to < 4        |     2 |
| >= 4 to < 6        |     3 |
| >= 6 to < 8        |     0 |
| >= 8 to < 10       |     1 |
| >= 10 to < 12      |     5 |
| >= 12 to < 14      |     0 |
| >= 14 to < 16      |     0 |
| >= 16              |     1 |
+--------------------+-------+
* Control sets can be remapped at either synth_design or opt_design


3. Flip-Flop Distribution
-------------------------

+--------------+-----------------------+------------------------+-----------------+--------------+
| Clock Enable | Synchronous Set/Reset | Asynchronous Set/Reset | Total Registers | Total Slices |
+--------------+-----------------------+------------------------+-----------------+--------------+
| No           | No                    | No                     |              51 |           17 |
| No           | No                    | Yes                    |               0 |            0 |
| No           | Yes                   | No                     |              32 |           16 |
| Yes          | No                    | No                     |              11 |            6 |
| Yes          | No                    | Yes                    |               0 |            0 |
| Yes          | Yes                   | No                     |              10 |            4 |
+--------------+-----------------------+------------------------+-----------------+--------------+


4. Detailed Control Set Information
-----------------------------------

+-----------------------------+------------------------+-------------------------------+------------------+----------------+--------------+
|         Clock Signal        |      Enable Signal     |        Set/Reset Signal       | Slice Load Count | Bel Load Count | Bels / Slice |
+-----------------------------+------------------------+-------------------------------+------------------+----------------+--------------+
|  clk_wiz_0_inst/U0/clk_out1 |                        | vga_driver/hsync0             |                1 |              1 |         1.00 |
|  clk_wiz_0_inst/U0/clk_out1 | vga_driver/eqOp        |                               |                1 |              1 |         1.00 |
|  vga_driver/VGA_vsync_OBUF  |                        |                               |                3 |              5 |         1.67 |
|  vga_driver/VGA_vsync_OBUF  |                        | add_bb/ball_y[10]_i_1_n_0     |                4 |              5 |         1.25 |
|  vga_driver/VGA_vsync_OBUF  |                        | add_bb/ball_y0                |                2 |              5 |         2.50 |
|  ADC_CS_OBUF                |                        |                               |                3 |              9 |         3.00 |
|  vga_driver/VGA_vsync_OBUF  |                        | add_bb/ball_x_reg[10]_i_1_n_6 |                4 |             10 |         2.50 |
|  clk_in_IBUF_BUFG           |                        |                               |                2 |             10 |         5.00 |
|  clk_wiz_0_inst/U0/clk_out1 | vga_driver/eqOp        | vga_driver/v_cnt0             |                4 |             10 |         2.50 |
|  count_reg[4]               | adc/pdata2[11]_i_1_n_0 |                               |                5 |             11 |         2.20 |
|  clk_wiz_0_inst/U0/clk_out1 |                        | vga_driver/clear              |                5 |             11 |         2.20 |
|  clk_wiz_0_inst/U0/clk_out1 |                        |                               |                9 |             27 |         3.00 |
+-----------------------------+------------------------+-------------------------------+------------------+----------------+--------------+


